Using pre-set license

 COMMAND LINE ARGUMENTS:
/Applications/Unity/Hub/Editor/2020.3.3f1/Unity.app/Contents/MacOS/Unity
-adb2
-batchMode
-noUpm
-name
AssetImportWorker0
-projectPath
/Users/codeninjassouthjordan/Desktop/max/Anabel-DroppingBombs2/AnabelDroppingBombs2Again
-logFile
Logs/AssetImportWorker0.log
-srvPort
53986
Successfully changed project path to: /Users/codeninjassouthjordan/Desktop/max/Anabel-DroppingBombs2/AnabelDroppingBombs2Again
/Users/codeninjassouthjordan/Desktop/max/Anabel-DroppingBombs2/AnabelDroppingBombs2Again
Using Asset Import Pipeline V2.
Refreshing native plugins compatible for Editor in 35.54 ms, found 1 plugins.
Preloading 0 native plugins for Editor in 0.00 ms.
Initialize engine version: 2020.3.3f1 (76626098c1c4)
[Subsystems] Discovering subsystems at path /Applications/Unity/Hub/Editor/2020.3.3f1/Unity.app/Contents/Resources/UnitySubsystems
[Subsystems] Discovering subsystems at path /Users/codeninjassouthjordan/Desktop/max/Anabel-DroppingBombs2/AnabelDroppingBombs2Again/Assets
GfxDevice: creating device client; threaded=0
2021-05-28 11:17:55.954 Unity[8714:300974] Color LCD preferred device: Intel Iris Graphics (low power)
2021-05-28 11:17:55.954 Unity[8714:300974] Metal devices available: 1
2021-05-28 11:17:55.954 Unity[8714:300974] 0: Intel Iris Graphics (low power)
2021-05-28 11:17:55.955 Unity[8714:300974] Using device Intel Iris Graphics (low power)
Initializing Metal device caps: Intel Iris Graphics
Initialize mono
Mono path[0] = '/Applications/Unity/Hub/Editor/2020.3.3f1/Unity.app/Contents/Managed'
Mono path[1] = '/Applications/Unity/Hub/Editor/2020.3.3f1/Unity.app/Contents/MonoBleedingEdge/lib/mono/unityjit'
Mono config path = '/Applications/Unity/Hub/Editor/2020.3.3f1/Unity.app/Contents/MonoBleedingEdge/etc'
Using monoOptions --debugger-agent=transport=dt_socket,embedding=1,server=y,suspend=n,address=127.0.0.1:56714
Begin MonoManager ReloadAssembly
Registering precompiled unity dll's ...
Register platform support module: /Applications/Unity/Hub/Editor/2020.3.3f1/Unity.app/Contents/PlaybackEngines/MacStandaloneSupport/UnityEditor.OSXStandalone.Extensions.dll
Registered in 0.000816 seconds.
Native extension for OSXStandalone target not found
Refreshing native plugins compatible for Editor in 34.87 ms, found 1 plugins.
Preloading 0 native plugins for Editor in 0.00 ms.
Invoked RoslynAnalysisRunner static constructor.
RoslynAnalysisRunner will not be running.
RoslynAnalysisRunner has terminated.
Mono: successfully reloaded assembly
- Completed reload, in  2.229 seconds
Platform modules already initialized, skipping
Registering precompiled user dll's ...
Registered in 0.000452 seconds.
Begin MonoManager ReloadAssembly
Native extension for OSXStandalone target not found
Refreshing native plugins compatible for Editor in 0.24 ms, found 1 plugins.
Preloading 0 native plugins for Editor in 0.00 ms.
Invoked RoslynAnalysisRunner static constructor.
RoslynAnalysisRunner will not be running.
RoslynAnalysisRunner has terminated.
Mono: successfully reloaded assembly
- Completed reload, in  1.409 seconds
Platform modules already initialized, skipping
========================================================================
Worker process is ready to serve import requests
Launching external process: /Applications/Unity/Hub/Editor/2020.3.3f1/Unity.app/Contents/Tools/UnityShaderCompiler
Launched and connected shader compiler UnityShaderCompiler after 0.01 seconds
Refreshing native plugins compatible for Editor in 0.28 ms, found 1 plugins.
Preloading 0 native plugins for Editor in 0.00 ms.
Unloading 1119 Unused Serialized files (Serialized files now loaded: 0)
System memory in use before: 107.0 MB.
System memory in use after: 107.0 MB.

Unloading 10 unused Assets to reduce memory usage. Loaded Objects now: 1561.
Total: 2.959285 ms (FindLiveObjects: 0.178549 ms CreateObjectMapping: 0.052722 ms MarkObjects: 2.618995 ms  DeleteObjects: 0.106883 ms)

========================================================================
Received Import Request.
  path: Assets/Scripts
  artifactKey: Guid(77a7f2f787f7d40429372d1d8c726fb1) Importer(815301076,1909f56bfc062723c751e8b465ee728b)
Start importing Assets/Scripts using Guid(77a7f2f787f7d40429372d1d8c726fb1) Importer(815301076,1909f56bfc062723c751e8b465ee728b)  -> (artifact id: '48c28b75e9b188cfd69d946035a807e4') in 0.004785 seconds
  Import took 0.007259 seconds .

========================================================================
Received Import Request.
  Time since last request: 374.308495 seconds.
  path: Assets
  artifactKey: Guid(00000000000000001000000000000000) Importer(815301076,1909f56bfc062723c751e8b465ee728b)
Start importing Assets using Guid(00000000000000001000000000000000) Importer(815301076,1909f56bfc062723c751e8b465ee728b)  -> (artifact id: 'b2e0e235c0f4af3754229b664788db90') in 0.004593 seconds
  Import took 0.029103 seconds .

========================================================================
Received Import Request.
  Time since last request: 32.857035 seconds.
  path: Assets/Prefabs
  artifactKey: Guid(99a368c7371ea1c48bc52da867c302be) Importer(815301076,1909f56bfc062723c751e8b465ee728b)
Start importing Assets/Prefabs using Guid(99a368c7371ea1c48bc52da867c302be) Importer(815301076,1909f56bfc062723c751e8b465ee728b)  -> (artifact id: '75441e403b61488df7f9569ea44257d7') in 0.003584 seconds
  Import took 0.010709 seconds .

========================================================================
Received Import Request.
  Time since last request: 0.087120 seconds.
  path: Assets/Prefabs/Rocket.prefab
  artifactKey: Guid(82169fb5eac75114e9dae4d2dd916e6f) Importer(815301076,1909f56bfc062723c751e8b465ee728b)
Start importing Assets/Prefabs/Rocket.prefab using Guid(82169fb5eac75114e9dae4d2dd916e6f) Importer(815301076,1909f56bfc062723c751e8b465ee728b)  -> (artifact id: '01b02829c8126130f250babb51a27285') in 1.106267 seconds
  Import took 1.110050 seconds .

========================================================================
Received Import Request.
  Time since last request: 17.622046 seconds.
  path: Assets/Scenes
  artifactKey: Guid(f59afa11d141d48f0bc496852649fe7a) Importer(815301076,1909f56bfc062723c751e8b465ee728b)
Start importing Assets/Scenes using Guid(f59afa11d141d48f0bc496852649fe7a) Importer(815301076,1909f56bfc062723c751e8b465ee728b)  -> (artifact id: '4ba0a1a8ef794e25bad6f5f57697178f') in 0.003542 seconds
  Import took 0.013998 seconds .

========================================================================
Received Import Request.
  Time since last request: 0.859871 seconds.
  path: Assets/Scenes/DroppingBombs.unity
  artifactKey: Guid(85687c07a84d7014b9999283399f28d3) Importer(815301076,1909f56bfc062723c751e8b465ee728b)
Start importing Assets/Scenes/DroppingBombs.unity using Guid(85687c07a84d7014b9999283399f28d3) Importer(815301076,1909f56bfc062723c751e8b465ee728b)  -> (artifact id: '83b6c95ac1a8c3c86769197fb62a32ad') in 0.005916 seconds
  Import took 0.012885 seconds .

========================================================================
Received Import Request.
  Time since last request: 0.004404 seconds.
  path: Assets/Scenes/DroppingBombs.unity
  artifactKey: Guid(85687c07a84d7014b9999283399f28d3) Importer(815301076,1909f56bfc062723c751e8b465ee728b)
Start importing Assets/Scenes/DroppingBombs.unity using Guid(85687c07a84d7014b9999283399f28d3) Importer(815301076,1909f56bfc062723c751e8b465ee728b)  -> (artifact id: '83b6c95ac1a8c3c86769197fb62a32ad') in 0.003626 seconds
  Import took 0.012538 seconds .

========================================================================
Received Import Request.
  Time since last request: 8.567682 seconds.
  path: Assets/Models
  artifactKey: Guid(b1a9df35fefc2224e8195254f7d4a83a) Importer(815301076,1909f56bfc062723c751e8b465ee728b)
Start importing Assets/Models using Guid(b1a9df35fefc2224e8195254f7d4a83a) Importer(815301076,1909f56bfc062723c751e8b465ee728b)  -> (artifact id: '0bc7340be59c51881eb9a17528df2873') in 0.003912 seconds
  Import took 0.011396 seconds .

========================================================================
Received Import Request.
  Time since last request: 0.004743 seconds.
  path: Assets/Models
  artifactKey: Guid(b1a9df35fefc2224e8195254f7d4a83a) Importer(815301076,1909f56bfc062723c751e8b465ee728b)
Start importing Assets/Models using Guid(b1a9df35fefc2224e8195254f7d4a83a) Importer(815301076,1909f56bfc062723c751e8b465ee728b)  -> (artifact id: '0bc7340be59c51881eb9a17528df2873') in 0.003649 seconds
  Import took 0.012738 seconds .

========================================================================
Received Import Request.
  Time since last request: 39.048494 seconds.
  path: Assets/Scripts/RocketAnimate.cs
  artifactKey: Guid(fed4d9de7005c4b8ab141d0153a3e924) Importer(815301076,1909f56bfc062723c751e8b465ee728b)
Start importing Assets/Scripts/RocketAnimate.cs using Guid(fed4d9de7005c4b8ab141d0153a3e924) Importer(815301076,1909f56bfc062723c751e8b465ee728b)  -> (artifact id: '13c6770ec609de4246b37cccfd3e0efb') in 0.814284 seconds
  Import took 0.824710 seconds .

========================================================================
Received Prepare
Registering precompiled user dll's ...
Registered in 0.000817 seconds.
Begin MonoManager ReloadAssembly
Native extension for OSXStandalone target not found
Refreshing native plugins compatible for Editor in 0.26 ms, found 1 plugins.
Preloading 0 native plugins for Editor in 0.00 ms.
Invoked RoslynAnalysisRunner static constructor.
RoslynAnalysisRunner will not be running.
RoslynAnalysisRunner has terminated.
Mono: successfully reloaded assembly
- Completed reload, in  2.187 seconds
Platform modules already initialized, skipping
Refreshing native plugins compatible for Editor in 0.26 ms, found 1 plugins.
Preloading 0 native plugins for Editor in 0.00 ms.
Unloading 1115 Unused Serialized files (Serialized files now loaded: 0)
System memory in use before: 119.3 MB.
System memory in use after: 119.4 MB.

Unloading 5 unused Assets to reduce memory usage. Loaded Objects now: 1572.
Total: 2.862825 ms (FindLiveObjects: 0.230069 ms CreateObjectMapping: 0.077894 ms MarkObjects: 2.493347 ms  DeleteObjects: 0.058261 ms)

========================================================================
Received Import Request.
  Time since last request: 8.611544 seconds.
  path: Assets/Scripts/Reset.cs
  artifactKey: Guid(9220624dcb0b78744869b9f56c91f25e) Importer(815301076,1909f56bfc062723c751e8b465ee728b)
Start importing Assets/Scripts/Reset.cs using Guid(9220624dcb0b78744869b9f56c91f25e) Importer(815301076,1909f56bfc062723c751e8b465ee728b)  -> (artifact id: 'fce2073971ff3fa4b7996a88ff339dd9') in 0.006283 seconds
  Import took 0.008943 seconds .

========================================================================
Received Prepare
Registering precompiled user dll's ...
Registered in 0.000469 seconds.
Begin MonoManager ReloadAssembly
Native extension for OSXStandalone target not found
Refreshing native plugins compatible for Editor in 0.24 ms, found 1 plugins.
Preloading 0 native plugins for Editor in 0.00 ms.
Invoked RoslynAnalysisRunner static constructor.
RoslynAnalysisRunner will not be running.
RoslynAnalysisRunner has terminated.
Mono: successfully reloaded assembly
- Completed reload, in  1.306 seconds
Platform modules already initialized, skipping
Refreshing native plugins compatible for Editor in 0.26 ms, found 1 plugins.
Preloading 0 native plugins for Editor in 0.00 ms.
Unloading 1115 Unused Serialized files (Serialized files now loaded: 0)
System memory in use before: 119.6 MB.
System memory in use after: 119.6 MB.

Unloading 5 unused Assets to reduce memory usage. Loaded Objects now: 1575.
Total: 3.200942 ms (FindLiveObjects: 0.319883 ms CreateObjectMapping: 0.162812 ms MarkObjects: 2.642754 ms  DeleteObjects: 0.070929 ms)

========================================================================
Received Import Request.
  Time since last request: 123.136999 seconds.
  path: Assets/Scripts/RocketAnimate.cs
  artifactKey: Guid(fed4d9de7005c4b8ab141d0153a3e924) Importer(815301076,1909f56bfc062723c751e8b465ee728b)
Start importing Assets/Scripts/RocketAnimate.cs using Guid(fed4d9de7005c4b8ab141d0153a3e924) Importer(815301076,1909f56bfc062723c751e8b465ee728b)  -> (artifact id: '637dcc51cf676b114e086010cae4ed57') in 0.005473 seconds
  Import took 0.008744 seconds .

========================================================================
Received Prepare
Registering precompiled user dll's ...
Registered in 0.000510 seconds.
Begin MonoManager ReloadAssembly
Native extension for OSXStandalone target not found
Refreshing native plugins compatible for Editor in 0.23 ms, found 1 plugins.
Preloading 0 native plugins for Editor in 0.00 ms.
Invoked RoslynAnalysisRunner static constructor.
RoslynAnalysisRunner will not be running.
RoslynAnalysisRunner has terminated.
Mono: successfully reloaded assembly
- Completed reload, in  1.261 seconds
Platform modules already initialized, skipping
Refreshing native plugins compatible for Editor in 0.33 ms, found 1 plugins.
Preloading 0 native plugins for Editor in 0.00 ms.
Unloading 1115 Unused Serialized files (Serialized files now loaded: 0)
System memory in use before: 119.7 MB.
System memory in use after: 119.8 MB.

Unloading 5 unused Assets to reduce memory usage. Loaded Objects now: 1578.
Total: 2.777086 ms (FindLiveObjects: 0.262672 ms CreateObjectMapping: 0.070218 ms MarkObjects: 2.380255 ms  DeleteObjects: 0.060960 ms)

