Using pre-set license

 COMMAND LINE ARGUMENTS:
/Applications/Unity/Hub/Editor/2020.3.3f1/Unity.app/Contents/MacOS/Unity
-adb2
-batchMode
-noUpm
-name
AssetImportWorker0
-projectPath
/Users/codeninjassouthjordan/Desktop/max/Anabel-DroppingBombs2/DroppingBombsPart2-AnabelD
-logFile
Logs/AssetImportWorker0.log
-srvPort
54387
Successfully changed project path to: /Users/codeninjassouthjordan/Desktop/max/Anabel-DroppingBombs2/DroppingBombsPart2-AnabelD
/Users/codeninjassouthjordan/Desktop/max/Anabel-DroppingBombs2/DroppingBombsPart2-AnabelD
Using Asset Import Pipeline V2.
Refreshing native plugins compatible for Editor in 67.63 ms, found 1 plugins.
Preloading 0 native plugins for Editor in 0.00 ms.
Initialize engine version: 2020.3.3f1 (76626098c1c4)
[Subsystems] Discovering subsystems at path /Applications/Unity/Hub/Editor/2020.3.3f1/Unity.app/Contents/Resources/UnitySubsystems
[Subsystems] Discovering subsystems at path /Users/codeninjassouthjordan/Desktop/max/Anabel-DroppingBombs2/DroppingBombsPart2-AnabelD/Assets
GfxDevice: creating device client; threaded=0
2021-05-28 12:35:13.141 Unity[9628:326636] Color LCD preferred device: Intel Iris Graphics (low power)
2021-05-28 12:35:13.142 Unity[9628:326636] Metal devices available: 1
2021-05-28 12:35:13.142 Unity[9628:326636] 0: Intel Iris Graphics (low power)
2021-05-28 12:35:13.143 Unity[9628:326636] Using device Intel Iris Graphics (low power)
Initializing Metal device caps: Intel Iris Graphics
Initialize mono
Mono path[0] = '/Applications/Unity/Hub/Editor/2020.3.3f1/Unity.app/Contents/Managed'
Mono path[1] = '/Applications/Unity/Hub/Editor/2020.3.3f1/Unity.app/Contents/MonoBleedingEdge/lib/mono/unityjit'
Mono config path = '/Applications/Unity/Hub/Editor/2020.3.3f1/Unity.app/Contents/MonoBleedingEdge/etc'
Using monoOptions --debugger-agent=transport=dt_socket,embedding=1,server=y,suspend=n,address=127.0.0.1:56628
Begin MonoManager ReloadAssembly
Registering precompiled unity dll's ...
Register platform support module: /Applications/Unity/Hub/Editor/2020.3.3f1/Unity.app/Contents/PlaybackEngines/MacStandaloneSupport/UnityEditor.OSXStandalone.Extensions.dll
Registered in 0.002502 seconds.
Native extension for OSXStandalone target not found
Refreshing native plugins compatible for Editor in 29.16 ms, found 1 plugins.
Preloading 0 native plugins for Editor in 0.00 ms.
Invoked RoslynAnalysisRunner static constructor.
RoslynAnalysisRunner will not be running.
RoslynAnalysisRunner has terminated.
Mono: successfully reloaded assembly
- Completed reload, in  2.078 seconds
Platform modules already initialized, skipping
Registering precompiled user dll's ...
Registered in 0.001235 seconds.
Begin MonoManager ReloadAssembly
Native extension for OSXStandalone target not found
Refreshing native plugins compatible for Editor in 0.25 ms, found 1 plugins.
Preloading 0 native plugins for Editor in 0.00 ms.
Invoked RoslynAnalysisRunner static constructor.
RoslynAnalysisRunner will not be running.
RoslynAnalysisRunner has terminated.
Mono: successfully reloaded assembly
- Completed reload, in  1.458 seconds
Platform modules already initialized, skipping
========================================================================
Worker process is ready to serve import requests
Launching external process: /Applications/Unity/Hub/Editor/2020.3.3f1/Unity.app/Contents/Tools/UnityShaderCompiler
Launched and connected shader compiler UnityShaderCompiler after 0.02 seconds
Refreshing native plugins compatible for Editor in 0.25 ms, found 1 plugins.
Preloading 0 native plugins for Editor in 0.00 ms.
Unloading 1120 Unused Serialized files (Serialized files now loaded: 0)
System memory in use before: 107.4 MB.
System memory in use after: 107.4 MB.

Unloading 9 unused Assets to reduce memory usage. Loaded Objects now: 1563.
Total: 3.083919 ms (FindLiveObjects: 0.301238 ms CreateObjectMapping: 0.080636 ms MarkObjects: 2.618852 ms  DeleteObjects: 0.081419 ms)

========================================================================
Received Import Request.
  path: Assets/Scripts/FallingBomb.cs
  artifactKey: Guid(f039217405472e347bf85a0daf33d32a) Importer(815301076,1909f56bfc062723c751e8b465ee728b)
Start importing Assets/Scripts/FallingBomb.cs using Guid(f039217405472e347bf85a0daf33d32a) Importer(815301076,1909f56bfc062723c751e8b465ee728b)  -> (artifact id: '2929f79a407f5abb717a71285bbb45d6') in 0.326128 seconds
  Import took 0.331084 seconds .

========================================================================
Received Prepare
Registering precompiled user dll's ...
Registered in 0.001023 seconds.
Begin MonoManager ReloadAssembly
Native extension for OSXStandalone target not found
Refreshing native plugins compatible for Editor in 0.26 ms, found 1 plugins.
Preloading 0 native plugins for Editor in 0.00 ms.
Invoked RoslynAnalysisRunner static constructor.
RoslynAnalysisRunner will not be running.
RoslynAnalysisRunner has terminated.
Mono: successfully reloaded assembly
- Completed reload, in  1.504 seconds
Platform modules already initialized, skipping
Refreshing native plugins compatible for Editor in 0.26 ms, found 1 plugins.
Preloading 0 native plugins for Editor in 0.00 ms.
Unloading 1114 Unused Serialized files (Serialized files now loaded: 0)
System memory in use before: 111.8 MB.
System memory in use after: 111.9 MB.

Unloading 4 unused Assets to reduce memory usage. Loaded Objects now: 1566.
Total: 2.163845 ms (FindLiveObjects: 0.282645 ms CreateObjectMapping: 0.047241 ms MarkObjects: 1.816017 ms  DeleteObjects: 0.016579 ms)

